<?xml version="1.0" encoding="UTF-8"?>
<!-- Generated by org.testng.reporters.JUnitXMLReporter -->
<testsuite ignored="5" hostname="CIPL-LPT-1257" failures="0" tests="1" name="Default test" time="0.053" errors="0" timestamp="2026-01-30T18:09:51 IST">
  <testcase classname="practice.IdentifyDuplicateNumbersInArray" name="practice2" time="0.008"/>
  <testcase classname="practice.IdentifyDuplicateNumbersInArray" name="DuplicateNumbersInArray1" time="0.0">
    <ignored/>
  </testcase> <!-- DuplicateNumbersInArray1 -->
  <testcase classname="practice.IdentifyDuplicateNumbersInArray" name="DuplicateNumbersInArray2" time="0.0">
    <ignored/>
  </testcase> <!-- DuplicateNumbersInArray2 -->
  <testcase classname="practice.IdentifyDuplicateNumbersInArray" name="DuplicateNumbersInArray3" time="0.0">
    <ignored/>
  </testcase> <!-- DuplicateNumbersInArray3 -->
  <testcase classname="practice.IdentifyDuplicateNumbersInArray" name="practice" time="0.0">
    <ignored/>
  </testcase> <!-- practice -->
  <testcase classname="practice.IdentifyDuplicateNumbersInArray" name="findDuplicatesSort" time="0.0">
    <ignored/>
  </testcase> <!-- findDuplicatesSort -->
</testsuite> <!-- Default test -->
