<?xml version="1.0" encoding="UTF-8"?>
<testng-results ignored="5" total="6" passed="1" failed="0" skipped="0">
  <reporter-output>
  </reporter-output>
  <suite started-at="2026-01-30T18:09:51 IST" name="Default suite" finished-at="2026-01-30T18:09:51 IST" duration-ms="53">
    <groups>
    </groups>
    <test started-at="2026-01-30T18:09:51 IST" name="Default test" finished-at="2026-01-30T18:09:51 IST" duration-ms="53">
      <class name="practice.IdentifyDuplicateNumbersInArray">
        <test-method signature="practice2()[pri:0, instance:practice.IdentifyDuplicateNumbersInArray@38afe297]" started-at="2026-01-30T18:09:51 IST" name="practice2" finished-at="2026-01-30T18:09:51 IST" duration-ms="8" status="PASS">
          <reporter-output>
          </reporter-output>
        </test-method> <!-- practice2 -->
      </class> <!-- practice.IdentifyDuplicateNumbersInArray -->
    </test> <!-- Default test -->
  </suite> <!-- Default suite -->
</testng-results>
