<?xml version="1.0" encoding="UTF-8"?>
<testng-results ignored="5" total="6" passed="1" failed="0" skipped="0">
  <reporter-output>
  </reporter-output>
  <suite started-at="2026-01-31T12:08:16 IST" name="Default suite" finished-at="2026-01-31T12:08:16 IST" duration-ms="52">
    <groups>
    </groups>
    <test started-at="2026-01-31T12:08:16 IST" name="Default test" finished-at="2026-01-31T12:08:16 IST" duration-ms="52">
      <class name="practice.IdentifyDuplicateNumbersInArray">
        <test-method signature="DuplicateNumbersInArray3()[pri:0, instance:practice.IdentifyDuplicateNumbersInArray@38afe297]" started-at="2026-01-31T12:08:16 IST" name="DuplicateNumbersInArray3" finished-at="2026-01-31T12:08:16 IST" duration-ms="9" status="PASS">
          <reporter-output>
          </reporter-output>
        </test-method> <!-- DuplicateNumbersInArray3 -->
      </class> <!-- practice.IdentifyDuplicateNumbersInArray -->
    </test> <!-- Default test -->
  </suite> <!-- Default suite -->
</testng-results>
